2025-11-08 18:22:50,711 - Trade executed: {'symbol': 'AAPL', 'price': 150, 'qty': 10}
2025-11-08 18:22:50,712 - Trade executed: {'symbol': 'GOOG', 'price': 2630.28, 'qty': 1}
2025-11-08 18:22:50,712 - Trade executed: {'symbol': 'AAPL', 'price': 152.16, 'qty': 1}
2025-11-08 18:22:50,713 - Trade executed: {'symbol': 'GOOG', 'price': 2542.11, 'qty': 1}
2025-11-08 18:22:50,713 - Trade executed: {'symbol': 'AAPL', 'price': 148.21, 'qty': 1}
2025-11-08 18:22:50,714 - Trade executed: {'symbol': 'MSFT', 'price': 297.59, 'qty': 1}
2025-11-08 18:22:50,714 - Trade executed: {'symbol': 'GOOG', 'price': 2573.73, 'qty': 1}
2025-11-08 18:23:59,089 - Trade executed: {'symbol': 'AAPL', 'price': 151.15, 'qty': 1}
2025-11-08 18:23:59,090 - Trade executed: {'symbol': 'MSFT', 'price': 297.7, 'qty': 1}
2025-11-08 18:23:59,090 - Trade executed: {'symbol': 'GOOG', 'price': 2540.8, 'qty': 1}
2025-11-08 18:23:59,091 - Trade executed: {'symbol': 'AAPL', 'price': 150.36, 'qty': 1}
2025-11-08 18:23:59,091 - Trade executed: {'symbol': 'MSFT', 'price': 300.45, 'qty': 1}
2025-11-08 18:23:59,092 - Trade executed: {'symbol': 'GOOG', 'price': 2559.21, 'qty': 1}
2025-11-08 18:23:59,092 - Trade executed: {'symbol': 'AAPL', 'price': 152.13, 'qty': 1}
2025-11-08 18:23:59,093 - Trade executed: {'symbol': 'GOOG', 'price': 2511.07, 'qty': 1}
2025-11-08 18:30:41,045 - Trade executed: {'symbol': 'AAPL', 'price': 154.12, 'qty': 1}
2025-11-08 18:30:41,047 - Trade executed: {'symbol': 'GOOG', 'price': 2535.22, 'qty': 1}
2025-11-08 18:30:41,048 - Trade executed: {'symbol': 'MSFT', 'price': 294.49, 'qty': 1}
2025-11-08 18:30:41,048 - Trade executed: {'symbol': 'GOOG', 'price': 2545.08, 'qty': 1}
2025-11-08 18:30:41,049 - Trade executed: {'symbol': 'AAPL', 'price': 145.26, 'qty': 1}
2025-11-08 18:30:41,050 - Trade executed: {'symbol': 'MSFT', 'price': 304.41, 'qty': 1}
2025-11-08 18:30:41,050 - Trade executed: {'symbol': 'GOOG', 'price': 2588.1, 'qty': 1}
2025-11-08 18:35:52,417 - Trade executed: {'symbol': 'AAPL', 'price': 150, 'qty': 1}
2025-11-08 18:35:52,419 - Trade executed: {'symbol': 'MSFT', 'price': 300, 'qty': 2}
2025-11-08 18:36:08,153 - Trade executed: {'symbol': 'AAPL', 'price': 150, 'qty': 1}
2025-11-08 18:36:08,154 - Trade executed: {'symbol': 'MSFT', 'price': 300, 'qty': 2}
2025-11-08 18:36:20,508 - Trade executed: {'symbol': 'AAPL', 'price': 149.28, 'qty': 1}
2025-11-08 18:36:20,508 - Trade executed: {'symbol': 'MSFT', 'price': 300.02, 'qty': 1}
2025-11-08 18:36:20,509 - Trade executed: {'symbol': 'GOOG', 'price': 2644.51, 'qty': 1}
2025-11-08 18:36:35,557 - Trade executed: {'symbol': 'MSFT', 'price': 295.34, 'qty': 1}
2025-11-08 18:36:35,558 - Trade executed: {'symbol': 'GOOG', 'price': 2541.26, 'qty': 1}
2025-11-08 18:36:35,558 - Trade executed: {'symbol': 'AAPL', 'price': 150.48, 'qty': 1}
2025-11-08 18:36:35,558 - Trade executed: {'symbol': 'MSFT', 'price': 304.47, 'qty': 1}
2025-11-08 18:36:35,559 - Trade executed: {'symbol': 'GOOG', 'price': 2523.7, 'qty': 1}
2025-11-08 18:36:35,559 - Trade executed: {'symbol': 'AAPL', 'price': 147.28, 'qty': 1}
2025-11-08 18:36:35,559 - Trade executed: {'symbol': 'MSFT', 'price': 307.67, 'qty': 1}
2025-11-08 18:36:35,559 - Trade executed: {'symbol': 'GOOG', 'price': 2646.36, 'qty': 1}
